Aurora - Final Project/Source Code/Android Project/app/build/outputs/logs/manifest-merger-debug-report.txt
-- Merging decision tree log ---
manifest
ADDED from src\main\AndroidManifest.xml:2:1-47:12
	package
		ADDED from src\main\AndroidManifest.xml:3:5-30
		INJECTED from src\main\AndroidManifest.xml
		INJECTED from src\main\AndroidManifest.xml
	android:versionName
		INJECTED from src\main\AndroidManifest.xml
		INJECTED from src\main\AndroidManifest.xml
	xmlns:android
		ADDED from src\main\AndroidManifest.xml:2:11-69
	android:versionCode
		INJECTED from src\main\AndroidManifest.xml
		INJECTED from src\main\AndroidManifest.xml
uses-permission#android.permission.INTERNET
ADDED from src\main\AndroidManifest.xml:5:5-67
	android:name
		ADDED from src\main\AndroidManifest.xml:5:22-64
uses-permission#android.permission.READ_EXTERNAL_STORAGE
ADDED from src\main\AndroidManifest.xml:6:5-80
	android:name
		ADDED from src\main\AndroidManifest.xml:6:22-77
application
ADDED from src\main\AndroidManifest.xml:8:5-45:19
MERGED from [com.android.support:design:25.2.0] AndroidManifest.xml:25:5-20
MERGED from [com.android.support:appcompat-v7:25.2.0] AndroidManifest.xml:25:5-20
MERGED from [com.android.support:animated-vector-drawable:25.2.0] AndroidManifest.xml:22:5-20
MERGED from [com.android.support:support-vector-drawable:25.2.0] AndroidManifest.xml:23:5-20
MERGED from [com.android.support:transition:25.2.0] AndroidManifest.xml:22:5-20
MERGED from [com.android.support:support-v4:25.2.0] AndroidManifest.xml:25:5-20
MERGED from [com.android.support:support-fragment:25.2.0] AndroidManifest.xml:25:5-20
MERGED from [com.android.support:support-media-compat:25.2.0] AndroidManifest.xml:25:5-20
MERGED from [com.android.support:support-core-utils:25.2.0] AndroidManifest.xml:25:5-20
MERGED from [com.android.support:support-core-ui:25.2.0] AndroidManifest.xml:25:5-20
MERGED from [com.android.support:support-compat:25.2.0] AndroidManifest.xml:25:5-20
	android:label
		ADDED from src\main\AndroidManifest.xml:11:9-41
	android:supportsRtl
		ADDED from src\main\AndroidManifest.xml:12:9-35
	android:allowBackup
		ADDED from src\main\AndroidManifest.xml:9:9-35
	android:icon
		ADDED from src\main\AndroidManifest.xml:10:9-43
	android:theme
		ADDED from src\main\AndroidManifest.xml:13:9-52
activity#aurora.main.LoginActivity
ADDED from src\main\AndroidManifest.xml:14:9-21:20
	android:windowSoftInputMode
		ADDED from src\main\AndroidManifest.xml:15:13-54
	android:name
		ADDED from src\main\AndroidManifest.xml:14:19-59
intent-filter#android.intent.action.MAIN+android.intent.category.LAUNCHER
ADDED from src\main\AndroidManifest.xml:16:13-20:29
action#android.intent.action.MAIN
ADDED from src\main\AndroidManifest.xml:17:17-69
	android:name
		ADDED from src\main\AndroidManifest.xml:17:25-66
category#android.intent.category.LAUNCHER
ADDED from src\main\AndroidManifest.xml:19:17-77
	android:name
		ADDED from src\main\AndroidManifest.xml:19:27-74
activity#aurora.main.HomeActivity
ADDED from src\main\AndroidManifest.xml:22:9-23:54
	android:windowSoftInputMode
		ADDED from src\main\AndroidManifest.xml:23:13-52
	android:name
		ADDED from src\main\AndroidManifest.xml:22:19-58
activity#aurora.main.ObserveActivity
ADDED from src\main\AndroidManifest.xml:24:9-25:56
	android:windowSoftInputMode
		ADDED from src\main\AndroidManifest.xml:25:13-54
	android:name
		ADDED from src\main\AndroidManifest.xml:24:19-61
activity#aurora.main.ManageActivity
ADDED from src\main\AndroidManifest.xml:26:9-30:56
	android:label
		ADDED from src\main\AndroidManifest.xml:28:13-58
	android:windowSoftInputMode
		ADDED from src\main\AndroidManifest.xml:30:13-54
	android:theme
		ADDED from src\main\AndroidManifest.xml:29:13-56
	android:name
		ADDED from src\main\AndroidManifest.xml:27:13-54
activity#aurora.main.GuideActivity
ADDED from src\main\AndroidManifest.xml:31:9-32:56
	android:windowSoftInputMode
		ADDED from src\main\AndroidManifest.xml:32:13-54
	android:name
		ADDED from src\main\AndroidManifest.xml:31:19-59
activity#aurora.main.ProfileActivity
ADDED from src\main\AndroidManifest.xml:33:9-34:56
	android:windowSoftInputMode
		ADDED from src\main\AndroidManifest.xml:34:13-54
	android:name
		ADDED from src\main\AndroidManifest.xml:33:19-61
activity#aurora.main.DocListActivity
ADDED from src\main\AndroidManifest.xml:35:9-36:56
	android:windowSoftInputMode
		ADDED from src\main\AndroidManifest.xml:36:13-54
	android:name
		ADDED from src\main\AndroidManifest.xml:35:19-61
activity#aurora.main.DocumentActivity
ADDED from src\main\AndroidManifest.xml:37:9-38:56
	android:windowSoftInputMode
		ADDED from src\main\AndroidManifest.xml:38:13-54
	android:name
		ADDED from src\main\AndroidManifest.xml:37:19-62
activity#aurora.main.DetailActivity
ADDED from src\main\AndroidManifest.xml:39:9-40:56
	android:windowSoftInputMode
		ADDED from src\main\AndroidManifest.xml:40:13-54
	android:name
		ADDED from src\main\AndroidManifest.xml:39:19-60
activity#aurora.main.SearchActivity
ADDED from src\main\AndroidManifest.xml:41:9-42:56
	android:windowSoftInputMode
		ADDED from src\main\AndroidManifest.xml:42:13-54
	android:name
		ADDED from src\main\AndroidManifest.xml:41:19-60
activity#aurora.main.RegisterActivity
ADDED from src\main\AndroidManifest.xml:43:9-44:56
	android:windowSoftInputMode
		ADDED from src\main\AndroidManifest.xml:44:13-54
	android:name
		ADDED from src\main\AndroidManifest.xml:43:19-62
uses-sdk
INJECTED from src\main\AndroidManifest.xml reason: use-sdk injection requested
MERGED from [com.android.support:design:25.2.0] AndroidManifest.xml:21:5-23:62
MERGED from [com.android.support:appcompat-v7:25.2.0] AndroidManifest.xml:21:5-23:78
MERGED from [com.android.support:animated-vector-drawable:25.2.0] AndroidManifest.xml:20:5-44
MERGED from [com.android.support:support-vector-drawable:25.2.0] AndroidManifest.xml:21:5-43
MERGED from [com.android.support:transition:25.2.0] AndroidManifest.xml:20:5-44
MERGED from [com.android.support:support-v4:25.2.0] AndroidManifest.xml:21:5-23:54
MERGED from [com.android.support:support-fragment:25.2.0] AndroidManifest.xml:21:5-23:60
MERGED from [com.android.support:support-media-compat:25.2.0] AndroidManifest.xml:21:5-23:63
MERGED from [com.android.support:support-core-utils:25.2.0] AndroidManifest.xml:21:5-23:61
MERGED from [com.android.support:recyclerview-v7:25.2.0] AndroidManifest.xml:20:5-43
MERGED from [com.android.support:support-core-ui:25.2.0] AndroidManifest.xml:21:5-23:58
MERGED from [com.android.support:support-compat:25.2.0] AndroidManifest.xml:21:5-23:58
	tools:overrideLibrary
		ADDED from [com.android.support:design:25.2.0] AndroidManifest.xml:23:9-59
	android:targetSdkVersion
		INJECTED from src\main\AndroidManifest.xml
		INJECTED from src\main\AndroidManifest.xml
	android:minSdkVersion
		INJECTED from src\main\AndroidManifest.xml
		INJECTED from src\main\AndroidManifest.xml